[debug] [2022-08-07T12:30:33.553Z] ----------------------------------------------------------------------
[debug] [2022-08-07T12:30:33.559Z] Command:       C:\Program Files\nodejs\node.exe C:\Program Files\nodejs\node_modules\firebase-tools\lib\bin\firebase.js init
[debug] [2022-08-07T12:30:33.560Z] CLI Version:   10.3.0
[debug] [2022-08-07T12:30:33.560Z] Platform:      win32
[debug] [2022-08-07T12:30:33.561Z] Node Version:  v14.17.5
[debug] [2022-08-07T12:30:33.562Z] Time:          Sun Aug 07 2022 20:30:33 GMT+0800 (China Standard Time)
[debug] [2022-08-07T12:30:33.563Z] ----------------------------------------------------------------------
[debug] 
[debug] [2022-08-07T12:30:33.589Z] > command requires scopes: ["email","openid","https://www.googleapis.com/auth/cloudplatformprojects.readonly","https://www.googleapis.com/auth/firebase","https://www.googleapis.com/auth/cloud-platform"]
[debug] [2022-08-07T12:30:33.590Z] > authorizing via signed-in user (sheriff0613@gmail.com)
[info] 
     ######## #### ########  ######## ########     ###     ######  ########
     ##        ##  ##     ## ##       ##     ##  ##   ##  ##       ##
     ######    ##  ########  ######   ########  #########  ######  ######
     ##        ##  ##    ##  ##       ##     ## ##     ##       ## ##
     ##       #### ##     ## ######## ########  ##     ##  ######  ########

You're about to initialize a Firebase project in this directory:

  E:\Projects\Blockchain\punks-site

[info] 
=== Project Setup
[info] 
[info] First, let's associate this project directory with a Firebase project.
[info] You can create multiple project aliases by running firebase use --add, 
[info] but for now we'll just set up a default project.
[info] 
[debug] [2022-08-07T12:30:42.594Z] > refreshing access token with scopes: []
[debug] [2022-08-07T12:30:42.595Z] >>> HTTP REQUEST POST https://www.googleapis.com/oauth2/v3/token  
 <request body omitted>
[debug] [2022-08-07T12:30:43.742Z] <<< HTTP RESPONSE 200 {"date":"Sun, 07 Aug 2022 12:30:00 GMT","cache-control":"no-cache, no-store, max-age=0, must-revalidate","pragma":"no-cache","expires":"Mon, 01 Jan 1990 00:00:00 GMT","content-type":"application/json; charset=utf-8","vary":"X-Origin, Referer, Origin,Accept-Encoding","server":"scaffolding on HTTPServer2","x-xss-protection":"0","x-frame-options":"SAMEORIGIN","x-content-type-options":"nosniff","alt-svc":"h3=\":443\"; ma=2592000,h3-29=\":443\"; ma=2592000,h3-Q050=\":443\"; ma=2592000,h3-Q046=\":443\"; ma=2592000,h3-Q043=\":443\"; ma=2592000,quic=\":443\"; ma=2592000; v=\"46,43\"","accept-ranges":"none","transfer-encoding":"chunked"}
[debug] [2022-08-07T12:30:43.812Z] >>> [apiv2][query] GET https://firebase.googleapis.com/v1beta1/projects pageSize=100
[debug] [2022-08-07T12:30:45.402Z] <<< [apiv2][status] GET https://firebase.googleapis.com/v1beta1/projects 200
[debug] [2022-08-07T12:30:45.402Z] <<< [apiv2][body] GET https://firebase.googleapis.com/v1beta1/projects [omitted]
[debug] [2022-08-07T12:33:24.720Z] Error: kill ENOSYS
    at process.kill (internal/process/per_thread.js:200:13)
    at process.listener (C:\Users\SHERIFF\AppData\Roaming\nvm\v14.17.5\node_modules\firebase-tools\node_modules\signal-exit\index.js:95:15)
    at process.emit (events.js:400:28)
[error] 
[error] Error: An unexpected error has occurred.
